<?xml version="1.0" encoding="UTF-8"?>
<!-- Generated by org.testng.reporters.JUnitReportReporter -->
<testsuite hostname="LAPTOP-H65LUEBK" failures="0" tests="1" name="neoStoxTestClasses.ValidateNeoScreenerTab" time="10.576" errors="0" timestamp="2022-11-30T22:23:47 IST" skipped="0">
  <testcase classname="neoStoxTestClasses.ValidateNeoScreenerTab" name="validateNeoScreenerTabs" time="10.576"/>
  <system-out>
    <![CDATA[allAcrossTab is clickable
equitiesTab is clickable
futuresTab is clickable
optionsTab is clickable
McxFutureTab is clickable
McxOptionTab is clickable
gainersLoosersDropDown is clickable
niftyCheckBox is clickable
bankNiftyCheckBox is clickable
screeners all tab are cleckable]]>
  </system-out>
</testsuite> <!-- neoStoxTestClasses.ValidateNeoScreenerTab -->
