<?xml version="1.0" encoding="UTF-8"?>
<!-- Generated by org.testng.reporters.JUnitReportReporter -->
<testsuite hostname="LAPTOP-H65LUEBK" failures="0" tests="1" name="neoStoxTestClasses.ValidateBalance" time="13.641" errors="0" timestamp="2022-11-29T12:54:59 IST" skipped="0">
  <testcase classname="neoStoxTestClasses.ValidateBalance" name="validateBalance" time="13.641"/>
  <system-out>
    <![CDATA[getting Actual Balance]]>
  </system-out>
</testsuite> <!-- neoStoxTestClasses.ValidateBalance -->
